{
  "stats": {
    "suites": 1,
    "tests": 1,
    "passes": 1,
    "pending": 0,
    "failures": 0,
    "start": "2024-10-22T14:36:30.221Z",
    "end": "2024-10-22T14:36:32.823Z",
    "duration": 2602,
    "testsRegistered": 1,
    "passPercent": 100,
    "pendingPercent": 0,
    "other": 0,
    "hasOther": false,
    "skipped": 0,
    "hasSkipped": false
  },
  "results": [
    {
      "uuid": "adea32e0-b77a-4c1c-8027-68261577dcbf",
      "title": "",
      "fullFile": "cypress/e2e/1-getting-started/04_LogOut.spec.js",
      "file": "cypress/e2e/1-getting-started/04_LogOut.spec.js",
      "beforeHooks": [],
      "afterHooks": [],
      "tests": [],
      "suites": [
        {
          "uuid": "e3816369-98ef-4316-9faa-a04ca252ec31",
          "title": "Test log out",
          "fullFile": "",
          "file": "",
          "beforeHooks": [],
          "afterHooks": [],
          "tests": [
            {
              "title": "verify use can log out successfully",
              "fullTitle": "Test log out verify use can log out successfully",
              "timedOut": null,
              "duration": 2570,
              "state": "passed",
              "speed": "fast",
              "pass": true,
              "fail": false,
              "pending": false,
              "context": null,
              "code": "cy.contains('Settings').click();\ncy.contains('Or click here to logout').click();\ncy.get('.navbar-nav').should('contain', 'Sign up');",
              "err": {},
              "uuid": "afbbb26f-7b77-43b3-a1d4-3debbc8c6d51",
              "parentUUID": "e3816369-98ef-4316-9faa-a04ca252ec31",
              "isHook": false,
              "skipped": false
            }
          ],
          "suites": [],
          "passes": [
            "afbbb26f-7b77-43b3-a1d4-3debbc8c6d51"
          ],
          "failures": [],
          "pending": [],
          "skipped": [],
          "duration": 2570,
          "root": false,
          "rootEmpty": false,
          "_timeout": 2000
        }
      ],
      "passes": [],
      "failures": [],
      "pending": [],
      "skipped": [],
      "duration": 0,
      "root": true,
      "rootEmpty": true,
      "_timeout": 2000
    }
  ],
  "meta": {
    "mocha": {
      "version": "7.0.1"
    },
    "mochawesome": {
      "options": {
        "quiet": false,
        "reportFilename": "mochawesome",
        "saveHtml": true,
        "saveJson": true,
        "consoleReporter": "spec",
        "useInlineDiffs": false,
        "code": true
      },
      "version": "7.1.3"
    },
    "marge": {
      "options": null,
      "version": "6.2.0"
    }
  }
}